Performing C SOURCE FILE Test CMAKE_HAVE_LIBC_PTHREAD failed with the following output:
Change Dir: /home/alumno/G7-X2/Robotica/prac5/gotoxy/CMakeFiles/CMakeTmp

Run Build Command(s):/usr/bin/make cmTC_46551/fast && /usr/bin/make -f CMakeFiles/cmTC_46551.dir/build.make CMakeFiles/cmTC_46551.dir/build
make[1]: se entra en el directorio '/home/alumno/G7-X2/Robotica/prac5/gotoxy/CMakeFiles/CMakeTmp'
Building C object CMakeFiles/cmTC_46551.dir/src.c.o
/usr/bin/cc   -DCMAKE_HAVE_LIBC_PTHREAD   -o CMakeFiles/cmTC_46551.dir/src.c.o   -c /home/alumno/G7-X2/Robotica/prac5/gotoxy/CMakeFiles/CMakeTmp/src.c
Linking C executable cmTC_46551
/usr/bin/cmake -E cmake_link_script CMakeFiles/cmTC_46551.dir/link.txt --verbose=1
/usr/bin/cc  -DCMAKE_HAVE_LIBC_PTHREAD    CMakeFiles/cmTC_46551.dir/src.c.o  -o cmTC_46551 
/usr/bin/ld: CMakeFiles/cmTC_46551.dir/src.c.o: en la función `main':
src.c:(.text+0x46): referencia a `pthread_create' sin definir
/usr/bin/ld: src.c:(.text+0x52): referencia a `pthread_detach' sin definir
/usr/bin/ld: src.c:(.text+0x63): referencia a `pthread_join' sin definir
collect2: error: ld returned 1 exit status
make[1]: *** [CMakeFiles/cmTC_46551.dir/build.make:87: cmTC_46551] Error 1
make[1]: se sale del directorio '/home/alumno/G7-X2/Robotica/prac5/gotoxy/CMakeFiles/CMakeTmp'
make: *** [Makefile:121: cmTC_46551/fast] Error 2


Source file was:
#include <pthread.h>

void* test_func(void* data)
{
  return data;
}

int main(void)
{
  pthread_t thread;
  pthread_create(&thread, NULL, test_func, NULL);
  pthread_detach(thread);
  pthread_join(thread, NULL);
  pthread_atfork(NULL, NULL, NULL);
  pthread_exit(NULL);

  return 0;
}

Determining if the function pthread_create exists in the pthreads failed with the following output:
Change Dir: /home/alumno/G7-X2/Robotica/prac5/gotoxy/CMakeFiles/CMakeTmp

Run Build Command(s):/usr/bin/make cmTC_f001d/fast && /usr/bin/make -f CMakeFiles/cmTC_f001d.dir/build.make CMakeFiles/cmTC_f001d.dir/build
make[1]: se entra en el directorio '/home/alumno/G7-X2/Robotica/prac5/gotoxy/CMakeFiles/CMakeTmp'
Building C object CMakeFiles/cmTC_f001d.dir/CheckFunctionExists.c.o
/usr/bin/cc   -DCHECK_FUNCTION_EXISTS=pthread_create   -o CMakeFiles/cmTC_f001d.dir/CheckFunctionExists.c.o   -c /usr/share/cmake-3.16/Modules/CheckFunctionExists.c
Linking C executable cmTC_f001d
/usr/bin/cmake -E cmake_link_script CMakeFiles/cmTC_f001d.dir/link.txt --verbose=1
/usr/bin/cc  -DCHECK_FUNCTION_EXISTS=pthread_create    CMakeFiles/cmTC_f001d.dir/CheckFunctionExists.c.o  -o cmTC_f001d  -lpthreads 
/usr/bin/ld: no se puede encontrar -lpthreads
collect2: error: ld returned 1 exit status
make[1]: *** [CMakeFiles/cmTC_f001d.dir/build.make:87: cmTC_f001d] Error 1
make[1]: se sale del directorio '/home/alumno/G7-X2/Robotica/prac5/gotoxy/CMakeFiles/CMakeTmp'
make: *** [Makefile:121: cmTC_f001d/fast] Error 2



Performing C SOURCE FILE Test CMAKE_HAVE_LIBC_PTHREAD failed with the following output:
Change Dir: /home/alumno/G7-X2/Robotica/prac5/gotoxy/CMakeFiles/CMakeTmp

Run Build Command(s):/usr/bin/make cmTC_02a2b/fast && /usr/bin/make -f CMakeFiles/cmTC_02a2b.dir/build.make CMakeFiles/cmTC_02a2b.dir/build
make[1]: se entra en el directorio '/home/alumno/G7-X2/Robotica/prac5/gotoxy/CMakeFiles/CMakeTmp'
Building C object CMakeFiles/cmTC_02a2b.dir/src.c.o
/usr/bin/cc   -DCMAKE_HAVE_LIBC_PTHREAD   -o CMakeFiles/cmTC_02a2b.dir/src.c.o   -c /home/alumno/G7-X2/Robotica/prac5/gotoxy/CMakeFiles/CMakeTmp/src.c
Linking C executable cmTC_02a2b
/usr/bin/cmake -E cmake_link_script CMakeFiles/cmTC_02a2b.dir/link.txt --verbose=1
/usr/bin/cc  -DCMAKE_HAVE_LIBC_PTHREAD    CMakeFiles/cmTC_02a2b.dir/src.c.o  -o cmTC_02a2b 
/usr/bin/ld: CMakeFiles/cmTC_02a2b.dir/src.c.o: en la función `main':
src.c:(.text+0x46): referencia a `pthread_create' sin definir
/usr/bin/ld: src.c:(.text+0x52): referencia a `pthread_detach' sin definir
/usr/bin/ld: src.c:(.text+0x63): referencia a `pthread_join' sin definir
collect2: error: ld returned 1 exit status
make[1]: *** [CMakeFiles/cmTC_02a2b.dir/build.make:87: cmTC_02a2b] Error 1
make[1]: se sale del directorio '/home/alumno/G7-X2/Robotica/prac5/gotoxy/CMakeFiles/CMakeTmp'
make: *** [Makefile:121: cmTC_02a2b/fast] Error 2


Source file was:
#include <pthread.h>

void* test_func(void* data)
{
  return data;
}

int main(void)
{
  pthread_t thread;
  pthread_create(&thread, NULL, test_func, NULL);
  pthread_detach(thread);
  pthread_join(thread, NULL);
  pthread_atfork(NULL, NULL, NULL);
  pthread_exit(NULL);

  return 0;
}

Determining if the function pthread_create exists in the pthreads failed with the following output:
Change Dir: /home/alumno/G7-X2/Robotica/prac5/gotoxy/CMakeFiles/CMakeTmp

Run Build Command(s):/usr/bin/make cmTC_dfb68/fast && /usr/bin/make -f CMakeFiles/cmTC_dfb68.dir/build.make CMakeFiles/cmTC_dfb68.dir/build
make[1]: se entra en el directorio '/home/alumno/G7-X2/Robotica/prac5/gotoxy/CMakeFiles/CMakeTmp'
Building C object CMakeFiles/cmTC_dfb68.dir/CheckFunctionExists.c.o
/usr/bin/cc   -DCHECK_FUNCTION_EXISTS=pthread_create   -o CMakeFiles/cmTC_dfb68.dir/CheckFunctionExists.c.o   -c /usr/share/cmake-3.16/Modules/CheckFunctionExists.c
Linking C executable cmTC_dfb68
/usr/bin/cmake -E cmake_link_script CMakeFiles/cmTC_dfb68.dir/link.txt --verbose=1
/usr/bin/cc  -DCHECK_FUNCTION_EXISTS=pthread_create    CMakeFiles/cmTC_dfb68.dir/CheckFunctionExists.c.o  -o cmTC_dfb68  -lpthreads 
/usr/bin/ld: no se puede encontrar -lpthreads
collect2: error: ld returned 1 exit status
make[1]: *** [CMakeFiles/cmTC_dfb68.dir/build.make:87: cmTC_dfb68] Error 1
make[1]: se sale del directorio '/home/alumno/G7-X2/Robotica/prac5/gotoxy/CMakeFiles/CMakeTmp'
make: *** [Makefile:121: cmTC_dfb68/fast] Error 2



Performing C SOURCE FILE Test CMAKE_HAVE_LIBC_PTHREAD failed with the following output:
Change Dir: /home/alumno/G7-X2/Robotica/prac5/gotoxy/CMakeFiles/CMakeTmp

Run Build Command(s):/usr/bin/make cmTC_d4708/fast && /usr/bin/make -f CMakeFiles/cmTC_d4708.dir/build.make CMakeFiles/cmTC_d4708.dir/build
make[1]: se entra en el directorio '/home/alumno/G7-X2/Robotica/prac5/gotoxy/CMakeFiles/CMakeTmp'
Building C object CMakeFiles/cmTC_d4708.dir/src.c.o
/usr/bin/cc   -DCMAKE_HAVE_LIBC_PTHREAD   -o CMakeFiles/cmTC_d4708.dir/src.c.o   -c /home/alumno/G7-X2/Robotica/prac5/gotoxy/CMakeFiles/CMakeTmp/src.c
Linking C executable cmTC_d4708
/usr/bin/cmake -E cmake_link_script CMakeFiles/cmTC_d4708.dir/link.txt --verbose=1
/usr/bin/cc  -DCMAKE_HAVE_LIBC_PTHREAD    CMakeFiles/cmTC_d4708.dir/src.c.o  -o cmTC_d4708 
/usr/bin/ld: CMakeFiles/cmTC_d4708.dir/src.c.o: en la función `main':
src.c:(.text+0x46): referencia a `pthread_create' sin definir
/usr/bin/ld: src.c:(.text+0x52): referencia a `pthread_detach' sin definir
/usr/bin/ld: src.c:(.text+0x63): referencia a `pthread_join' sin definir
collect2: error: ld returned 1 exit status
make[1]: *** [CMakeFiles/cmTC_d4708.dir/build.make:87: cmTC_d4708] Error 1
make[1]: se sale del directorio '/home/alumno/G7-X2/Robotica/prac5/gotoxy/CMakeFiles/CMakeTmp'
make: *** [Makefile:121: cmTC_d4708/fast] Error 2


Source file was:
#include <pthread.h>

void* test_func(void* data)
{
  return data;
}

int main(void)
{
  pthread_t thread;
  pthread_create(&thread, NULL, test_func, NULL);
  pthread_detach(thread);
  pthread_join(thread, NULL);
  pthread_atfork(NULL, NULL, NULL);
  pthread_exit(NULL);

  return 0;
}

Determining if the function pthread_create exists in the pthreads failed with the following output:
Change Dir: /home/alumno/G7-X2/Robotica/prac5/gotoxy/CMakeFiles/CMakeTmp

Run Build Command(s):/usr/bin/make cmTC_08ed8/fast && /usr/bin/make -f CMakeFiles/cmTC_08ed8.dir/build.make CMakeFiles/cmTC_08ed8.dir/build
make[1]: se entra en el directorio '/home/alumno/G7-X2/Robotica/prac5/gotoxy/CMakeFiles/CMakeTmp'
Building C object CMakeFiles/cmTC_08ed8.dir/CheckFunctionExists.c.o
/usr/bin/cc   -DCHECK_FUNCTION_EXISTS=pthread_create   -o CMakeFiles/cmTC_08ed8.dir/CheckFunctionExists.c.o   -c /usr/share/cmake-3.16/Modules/CheckFunctionExists.c
Linking C executable cmTC_08ed8
/usr/bin/cmake -E cmake_link_script CMakeFiles/cmTC_08ed8.dir/link.txt --verbose=1
/usr/bin/cc  -DCHECK_FUNCTION_EXISTS=pthread_create    CMakeFiles/cmTC_08ed8.dir/CheckFunctionExists.c.o  -o cmTC_08ed8  -lpthreads 
/usr/bin/ld: no se puede encontrar -lpthreads
collect2: error: ld returned 1 exit status
make[1]: *** [CMakeFiles/cmTC_08ed8.dir/build.make:87: cmTC_08ed8] Error 1
make[1]: se sale del directorio '/home/alumno/G7-X2/Robotica/prac5/gotoxy/CMakeFiles/CMakeTmp'
make: *** [Makefile:121: cmTC_08ed8/fast] Error 2



